::1 - - [10/Jan/2020:16:13:54 +0000] "GET / HTTP/1.1" 302 68 "-" "Mozilla/5.0 (X11; Linux x86_64) AppleWebKit/537.36 (KHTML, like Gecko) Chrome/79.0.3945.79 Safari/537.36"
::1 - - [10/Jan/2020:16:13:56 +0000] "GET /user/signin HTTP/1.1" 304 - "-" "Mozilla/5.0 (X11; Linux x86_64) AppleWebKit/537.36 (KHTML, like Gecko) Chrome/79.0.3945.79 Safari/537.36"
::1 - - [10/Jan/2020:16:14:01 +0000] "POST /user/create-session HTTP/1.1" 302 46 "http://localhost:8000/user/signin" "Mozilla/5.0 (X11; Linux x86_64) AppleWebKit/537.36 (KHTML, like Gecko) Chrome/79.0.3945.79 Safari/537.36"
::1 - - [10/Jan/2020:16:14:02 +0000] "GET / HTTP/1.1" 302 68 "http://localhost:8000/user/signin" "Mozilla/5.0 (X11; Linux x86_64) AppleWebKit/537.36 (KHTML, like Gecko) Chrome/79.0.3945.79 Safari/537.36"
::1 - - [10/Jan/2020:16:14:03 +0000] "GET /user/signin HTTP/1.1" 302 46 "http://localhost:8000/user/signin" "Mozilla/5.0 (X11; Linux x86_64) AppleWebKit/537.36 (KHTML, like Gecko) Chrome/79.0.3945.79 Safari/537.36"
::1 - - [10/Jan/2020:16:14:04 +0000] "GET / HTTP/1.1" 200 12825 "http://localhost:8000/user/signin" "Mozilla/5.0 (X11; Linux x86_64) AppleWebKit/537.36 (KHTML, like Gecko) Chrome/79.0.3945.79 Safari/537.36"
::1 - - [10/Jan/2020:16:14:20 +0000] "GET /freind/add?id=5e033fba0acd1b1edf2ae511&name=5e034f73b318e42c96b93a17 HTTP/1.1" 302 46 "http://localhost:8000/" "Mozilla/5.0 (X11; Linux x86_64) AppleWebKit/537.36 (KHTML, like Gecko) Chrome/79.0.3945.79 Safari/537.36"
::1 - - [10/Jan/2020:16:14:23 +0000] "GET / HTTP/1.1" 200 24500 "http://localhost:8000/" "Mozilla/5.0 (X11; Linux x86_64) AppleWebKit/537.36 (KHTML, like Gecko) Chrome/79.0.3945.79 Safari/537.36"
::1 - - [10/Jan/2020:16:16:26 +0000] "GET / HTTP/1.1" 304 - "http://localhost:8000/" "Mozilla/5.0 (X11; Linux x86_64) AppleWebKit/537.36 (KHTML, like Gecko) Chrome/79.0.3945.79 Safari/537.36"
::1 - - [10/Jan/2020:16:17:04 +0000] "GET / HTTP/1.1" 304 - "http://localhost:8000/" "Mozilla/5.0 (X11; Linux x86_64) AppleWebKit/537.36 (KHTML, like Gecko) Chrome/79.0.3945.79 Safari/537.36"
::1 - - [10/Jan/2020:16:17:11 +0000] "GET / HTTP/1.1" 304 - "http://localhost:8000/" "Mozilla/5.0 (X11; Linux x86_64) AppleWebKit/537.36 (KHTML, like Gecko) Chrome/79.0.3945.79 Safari/537.36"
::1 - - [10/Jan/2020:16:17:52 +0000] "GET / HTTP/1.1" 304 - "http://localhost:8000/" "Mozilla/5.0 (X11; Linux x86_64) AppleWebKit/537.36 (KHTML, like Gecko) Chrome/79.0.3945.79 Safari/537.36"
::1 - - [10/Jan/2020:16:21:07 +0000] "GET / HTTP/1.1" 304 - "http://localhost:8000/" "Mozilla/5.0 (X11; Linux x86_64) AppleWebKit/537.36 (KHTML, like Gecko) Chrome/79.0.3945.79 Safari/537.36"
::1 - - [10/Jan/2020:16:21:26 +0000] "GET / HTTP/1.1" 304 - "http://localhost:8000/" "Mozilla/5.0 (X11; Linux x86_64) AppleWebKit/537.36 (KHTML, like Gecko) Chrome/79.0.3945.79 Safari/537.36"
::1 - - [10/Jan/2020:16:22:26 +0000] "GET / HTTP/1.1" 304 - "http://localhost:8000/" "Mozilla/5.0 (X11; Linux x86_64) AppleWebKit/537.36 (KHTML, like Gecko) Chrome/79.0.3945.79 Safari/537.36"
::1 - - [10/Jan/2020:16:22:50 +0000] "GET / HTTP/1.1" 304 - "http://localhost:8000/" "Mozilla/5.0 (X11; Linux x86_64) AppleWebKit/537.36 (KHTML, like Gecko) Chrome/79.0.3945.79 Safari/537.36"
::1 - - [10/Jan/2020:16:23:09 +0000] "GET / HTTP/1.1" 304 - "http://localhost:8000/" "Mozilla/5.0 (X11; Linux x86_64) AppleWebKit/537.36 (KHTML, like Gecko) Chrome/79.0.3945.79 Safari/537.36"
::1 - - [10/Jan/2020:16:24:54 +0000] "GET / HTTP/1.1" 304 - "http://localhost:8000/" "Mozilla/5.0 (X11; Linux x86_64) AppleWebKit/537.36 (KHTML, like Gecko) Chrome/79.0.3945.79 Safari/537.36"
::1 - - [10/Jan/2020:16:25:11 +0000] "GET / HTTP/1.1" 304 - "http://localhost:8000/" "Mozilla/5.0 (X11; Linux x86_64) AppleWebKit/537.36 (KHTML, like Gecko) Chrome/79.0.3945.79 Safari/537.36"
::1 - - [10/Jan/2020:16:28:23 +0000] "GET / HTTP/1.1" 200 24503 "http://localhost:8000/" "Mozilla/5.0 (X11; Linux x86_64) AppleWebKit/537.36 (KHTML, like Gecko) Chrome/79.0.3945.79 Safari/537.36"
::1 - - [10/Jan/2020:16:29:08 +0000] "GET / HTTP/1.1" 304 - "-" "Mozilla/5.0 (X11; Linux x86_64) AppleWebKit/537.36 (KHTML, like Gecko) Chrome/79.0.3945.79 Safari/537.36"
::1 - - [10/Jan/2020:16:29:25 +0000] "GET / HTTP/1.1" 304 - "-" "Mozilla/5.0 (X11; Linux x86_64) AppleWebKit/537.36 (KHTML, like Gecko) Chrome/79.0.3945.79 Safari/537.36"
::1 - - [10/Jan/2020:16:29:38 +0000] "GET / HTTP/1.1" 304 - "http://localhost:8000/" "Mozilla/5.0 (X11; Linux x86_64) AppleWebKit/537.36 (KHTML, like Gecko) Chrome/79.0.3945.79 Safari/537.36"
::1 - - [10/Jan/2020:16:31:14 +0000] "GET / HTTP/1.1" 304 - "-" "Mozilla/5.0 (X11; Linux x86_64) AppleWebKit/537.36 (KHTML, like Gecko) Chrome/79.0.3945.79 Safari/537.36"
::1 - - [10/Jan/2020:16:31:23 +0000] "GET / HTTP/1.1" 304 - "http://localhost:8000/" "Mozilla/5.0 (X11; Linux x86_64) AppleWebKit/537.36 (KHTML, like Gecko) Chrome/79.0.3945.79 Safari/537.36"
::1 - - [10/Jan/2020:16:32:22 +0000] "GET / HTTP/1.1" 304 - "-" "Mozilla/5.0 (X11; Linux x86_64) AppleWebKit/537.36 (KHTML, like Gecko) Chrome/79.0.3945.79 Safari/537.36"
::1 - - [10/Jan/2020:16:32:39 +0000] "GET / HTTP/1.1" 304 - "http://localhost:8000/" "Mozilla/5.0 (X11; Linux x86_64) AppleWebKit/537.36 (KHTML, like Gecko) Chrome/79.0.3945.79 Safari/537.36"
::1 - - [10/Jan/2020:16:33:40 +0000] "GET / HTTP/1.1" 304 - "http://localhost:8000/" "Mozilla/5.0 (X11; Linux x86_64) AppleWebKit/537.36 (KHTML, like Gecko) Chrome/79.0.3945.79 Safari/537.36"
::1 - - [10/Jan/2020:16:58:54 +0000] "GET /user/profile/5e034f73b318e42c96b93a17 HTTP/1.1" 200 3332 "http://localhost:8000/" "Mozilla/5.0 (X11; Linux x86_64) AppleWebKit/537.36 (KHTML, like Gecko) Chrome/79.0.3945.79 Safari/537.36"
::1 - - [10/Jan/2020:17:00:04 +0000] "GET /user/profile-freind/?id=5e1888d54fa3e4263728f2c4&type=5e033fba0acd1b1edf2ae511 HTTP/1.1" 200 3435 "http://localhost:8000/" "Mozilla/5.0 (X11; Linux x86_64) AppleWebKit/537.36 (KHTML, like Gecko) Chrome/79.0.3945.79 Safari/537.36"
::1 - - [10/Jan/2020:17:10:55 +0000] "GET / HTTP/1.1" 304 - "http://localhost:8000/user/profile-freind/?id=5e1888d54fa3e4263728f2c4&type=5e033fba0acd1b1edf2ae511" "Mozilla/5.0 (X11; Linux x86_64) AppleWebKit/537.36 (KHTML, like Gecko) Chrome/79.0.3945.79 Safari/537.36"
::1 - - [10/Jan/2020:17:52:35 +0000] "GET / HTTP/1.1" 304 - "http://localhost:8000/user/profile-freind/?id=5e1888d54fa3e4263728f2c4&type=5e033fba0acd1b1edf2ae511" "Mozilla/5.0 (X11; Linux x86_64) AppleWebKit/537.36 (KHTML, like Gecko) Chrome/79.0.3945.79 Safari/537.36"
::1 - - [10/Jan/2020:17:52:52 +0000] "GET / HTTP/1.1" 304 - "http://localhost:8000/" "Mozilla/5.0 (X11; Linux x86_64) AppleWebKit/537.36 (KHTML, like Gecko) Chrome/79.0.3945.79 Safari/537.36"
::1 - - [10/Jan/2020:17:54:35 +0000] "GET / HTTP/1.1" 302 68 "http://localhost:8000/user/profile-freind/?id=5e1888d54fa3e4263728f2c4&type=5e033fba0acd1b1edf2ae511" "Mozilla/5.0 (X11; Linux x86_64) AppleWebKit/537.36 (KHTML, like Gecko) Chrome/79.0.3945.79 Safari/537.36"
::1 - - [10/Jan/2020:17:54:42 +0000] "GET /user/signin HTTP/1.1" 200 3515 "http://localhost:8000/user/profile-freind/?id=5e1888d54fa3e4263728f2c4&type=5e033fba0acd1b1edf2ae511" "Mozilla/5.0 (X11; Linux x86_64) AppleWebKit/537.36 (KHTML, like Gecko) Chrome/79.0.3945.79 Safari/537.36"
::1 - - [10/Jan/2020:17:54:46 +0000] "GET / HTTP/1.1" 302 68 "http://localhost:8000/user/signin" "Mozilla/5.0 (X11; Linux x86_64) AppleWebKit/537.36 (KHTML, like Gecko) Chrome/79.0.3945.79 Safari/537.36"
::1 - - [10/Jan/2020:17:54:48 +0000] "POST /user/create-session HTTP/1.1" 302 46 "http://localhost:8000/user/signin" "Mozilla/5.0 (X11; Linux x86_64) AppleWebKit/537.36 (KHTML, like Gecko) Chrome/79.0.3945.79 Safari/537.36"
::1 - - [10/Jan/2020:17:54:50 +0000] "GET /user/signin HTTP/1.1" 302 46 "http://localhost:8000/user/signin" "Mozilla/5.0 (X11; Linux x86_64) AppleWebKit/537.36 (KHTML, like Gecko) Chrome/79.0.3945.79 Safari/537.36"
::1 - - [10/Jan/2020:17:54:56 +0000] "GET / HTTP/1.1" 200 24754 "http://localhost:8000/user/signin" "Mozilla/5.0 (X11; Linux x86_64) AppleWebKit/537.36 (KHTML, like Gecko) Chrome/79.0.3945.79 Safari/537.36"
::1 - - [10/Jan/2020:17:55:12 +0000] "GET / HTTP/1.1" 200 24503 "http://localhost:8000/" "Mozilla/5.0 (X11; Linux x86_64) AppleWebKit/537.36 (KHTML, like Gecko) Chrome/79.0.3945.79 Safari/537.36"
::1 - - [10/Jan/2020:17:57:25 +0000] "POST /comment/create HTTP/1.1" 200 378 "http://localhost:8000/" "Mozilla/5.0 (X11; Linux x86_64) AppleWebKit/537.36 (KHTML, like Gecko) Chrome/79.0.3945.79 Safari/537.36"
::1 - - [10/Jan/2020:17:57:48 +0000] "GET /post/destroy/5e11b253dfe5d216e848718b HTTP/1.1" 302 88 "http://localhost:8000/" "Mozilla/5.0 (X11; Linux x86_64) AppleWebKit/537.36 (KHTML, like Gecko) Chrome/79.0.3945.79 Safari/537.36"
::1 - - [10/Jan/2020:17:57:54 +0000] "GET / HTTP/1.1" 200 23607 "http://localhost:8000/" "Mozilla/5.0 (X11; Linux x86_64) AppleWebKit/537.36 (KHTML, like Gecko) Chrome/79.0.3945.79 Safari/537.36"
::1 - - [10/Jan/2020:18:01:46 +0000] "GET / HTTP/1.1" 200 23343 "http://localhost:8000/" "Mozilla/5.0 (X11; Linux x86_64) AppleWebKit/537.36 (KHTML, like Gecko) Chrome/79.0.3945.79 Safari/537.36"
::1 - - [10/Jan/2020:18:02:11 +0000] "GET /comment/destroy/5e18bb03b07ea25ec7f27619 HTTP/1.1" 200 75 "http://localhost:8000/" "Mozilla/5.0 (X11; Linux x86_64) AppleWebKit/537.36 (KHTML, like Gecko) Chrome/79.0.3945.79 Safari/537.36"
::1 - - [10/Jan/2020:18:02:19 +0000] "GET /comment/destroy/5e179b79fcaaf51e09e27801 HTTP/1.1" 200 75 "http://localhost:8000/" "Mozilla/5.0 (X11; Linux x86_64) AppleWebKit/537.36 (KHTML, like Gecko) Chrome/79.0.3945.79 Safari/537.36"
::1 - - [10/Jan/2020:20:10:32 +0000] "GET / HTTP/1.1" 302 68 "http://localhost:8000/" "Mozilla/5.0 (X11; Linux x86_64) AppleWebKit/537.36 (KHTML, like Gecko) Chrome/79.0.3945.79 Safari/537.36"
::1 - - [10/Jan/2020:20:10:34 +0000] "GET /user/signin HTTP/1.1" 200 3548 "http://localhost:8000/" "Mozilla/5.0 (X11; Linux x86_64) AppleWebKit/537.36 (KHTML, like Gecko) Chrome/79.0.3945.79 Safari/537.36"
::1 - - [10/Jan/2020:20:10:36 +0000] "GET /webfonts/fa-brands-400.woff2 HTTP/1.1" 404 167 "http://localhost:8000/css/index.css" "Mozilla/5.0 (X11; Linux x86_64) AppleWebKit/537.36 (KHTML, like Gecko) Chrome/79.0.3945.79 Safari/537.36"
::1 - - [10/Jan/2020:20:10:36 +0000] "GET /webfonts/fa-solid-900.woff2 HTTP/1.1" 404 166 "http://localhost:8000/css/index-f8bfac864e.css" "Mozilla/5.0 (X11; Linux x86_64) AppleWebKit/537.36 (KHTML, like Gecko) Chrome/79.0.3945.79 Safari/537.36"
::1 - - [10/Jan/2020:20:10:46 +0000] "POST /user/create-session HTTP/1.1" 302 46 "http://localhost:8000/user/signin" "Mozilla/5.0 (X11; Linux x86_64) AppleWebKit/537.36 (KHTML, like Gecko) Chrome/79.0.3945.79 Safari/537.36"
::1 - - [10/Jan/2020:20:10:49 +0000] "GET / HTTP/1.1" 200 21048 "http://localhost:8000/user/signin" "Mozilla/5.0 (X11; Linux x86_64) AppleWebKit/537.36 (KHTML, like Gecko) Chrome/79.0.3945.79 Safari/537.36"
::1 - - [10/Jan/2020:20:10:50 +0000] "GET /webfonts/fa-solid-900.woff2 HTTP/1.1" 404 166 "http://localhost:8000/css/index-f8bfac864e.css" "Mozilla/5.0 (X11; Linux x86_64) AppleWebKit/537.36 (KHTML, like Gecko) Chrome/79.0.3945.79 Safari/537.36"
::1 - - [10/Jan/2020:20:10:51 +0000] "GET /webfonts/fa-solid-900.woff HTTP/1.1" 404 165 "http://localhost:8000/css/index-f8bfac864e.css" "Mozilla/5.0 (X11; Linux x86_64) AppleWebKit/537.36 (KHTML, like Gecko) Chrome/79.0.3945.79 Safari/537.36"
::1 - - [10/Jan/2020:20:10:51 +0000] "GET /webfonts/fa-solid-900.ttf HTTP/1.1" 404 164 "http://localhost:8000/css/index-f8bfac864e.css" "Mozilla/5.0 (X11; Linux x86_64) AppleWebKit/537.36 (KHTML, like Gecko) Chrome/79.0.3945.79 Safari/537.36"
::1 - - [11/Jan/2020:13:00:16 +0000] "GET /user/signin HTTP/1.1" - - "-" "Mozilla/5.0 (X11; Linux x86_64) AppleWebKit/537.36 (KHTML, like Gecko) Chrome/79.0.3945.79 Safari/537.36"
::1 - - [11/Jan/2020:13:00:18 +0000] "GET / HTTP/1.1" 302 68 "-" "Mozilla/5.0 (X11; Linux x86_64) AppleWebKit/537.36 (KHTML, like Gecko) Chrome/79.0.3945.79 Safari/537.36"
::1 - - [11/Jan/2020:13:00:21 +0000] "GET / HTTP/1.1" - - "-" "Mozilla/5.0 (X11; Linux x86_64) AppleWebKit/537.36 (KHTML, like Gecko) Chrome/79.0.3945.79 Safari/537.36"
::1 - - [11/Jan/2020:13:00:26 +0000] "GET / HTTP/1.1" - - "-" "Mozilla/5.0 (X11; Linux x86_64) AppleWebKit/537.36 (KHTML, like Gecko) Chrome/79.0.3945.79 Safari/537.36"
::1 - - [11/Jan/2020:13:00:27 +0000] "GET / HTTP/1.1" - - "-" "Mozilla/5.0 (X11; Linux x86_64) AppleWebKit/537.36 (KHTML, like Gecko) Chrome/79.0.3945.79 Safari/537.36"
::1 - - [11/Jan/2020:13:00:28 +0000] "GET / HTTP/1.1" - - "-" "Mozilla/5.0 (X11; Linux x86_64) AppleWebKit/537.36 (KHTML, like Gecko) Chrome/79.0.3945.79 Safari/537.36"
::1 - - [11/Jan/2020:13:00:30 +0000] "GET / HTTP/1.1" - - "-" "Mozilla/5.0 (X11; Linux x86_64) AppleWebKit/537.36 (KHTML, like Gecko) Chrome/79.0.3945.79 Safari/537.36"
::1 - - [11/Jan/2020:13:01:23 +0000] "GET / HTTP/1.1" 500 148 "-" "Mozilla/5.0 (X11; Linux x86_64) AppleWebKit/537.36 (KHTML, like Gecko) Chrome/79.0.3945.79 Safari/537.36"
::1 - - [11/Jan/2020:13:01:53 +0000] "GET /favicon.ico HTTP/1.1" 404 150 "http://localhost:8000/" "Mozilla/5.0 (X11; Linux x86_64) AppleWebKit/537.36 (KHTML, like Gecko) Chrome/79.0.3945.79 Safari/537.36"
::1 - - [11/Jan/2020:13:02:31 +0000] "GET /user/signin HTTP/1.1" 200 3548 "-" "Mozilla/5.0 (X11; Linux x86_64) AppleWebKit/537.36 (KHTML, like Gecko) Chrome/79.0.3945.79 Safari/537.36"
::1 - - [11/Jan/2020:13:02:39 +0000] "GET /webfonts/fa-solid-900.woff2 HTTP/1.1" 404 166 "http://localhost:8000/css/index-f8bfac864e.css" "Mozilla/5.0 (X11; Linux x86_64) AppleWebKit/537.36 (KHTML, like Gecko) Chrome/79.0.3945.79 Safari/537.36"
::1 - - [11/Jan/2020:13:02:48 +0000] "GET /webfonts/fa-solid-900.woff HTTP/1.1" 404 165 "http://localhost:8000/css/index-f8bfac864e.css" "Mozilla/5.0 (X11; Linux x86_64) AppleWebKit/537.36 (KHTML, like Gecko) Chrome/79.0.3945.79 Safari/537.36"
::1 - - [11/Jan/2020:13:02:48 +0000] "GET /webfonts/fa-brands-400.woff2 HTTP/1.1" 404 167 "http://localhost:8000/css/index-f8bfac864e.css" "Mozilla/5.0 (X11; Linux x86_64) AppleWebKit/537.36 (KHTML, like Gecko) Chrome/79.0.3945.79 Safari/537.36"
::1 - - [11/Jan/2020:13:02:49 +0000] "GET /webfonts/fa-solid-900.ttf HTTP/1.1" 404 164 "http://localhost:8000/css/index-f8bfac864e.css" "Mozilla/5.0 (X11; Linux x86_64) AppleWebKit/537.36 (KHTML, like Gecko) Chrome/79.0.3945.79 Safari/537.36"
::1 - - [11/Jan/2020:13:02:58 +0000] "GET /webfonts/fa-brands-400.woff HTTP/1.1" 404 166 "http://localhost:8000/css/index-f8bfac864e.css" "Mozilla/5.0 (X11; Linux x86_64) AppleWebKit/537.36 (KHTML, like Gecko) Chrome/79.0.3945.79 Safari/537.36"
::1 - - [11/Jan/2020:13:02:59 +0000] "GET /webfonts/fa-brands-400.ttf HTTP/1.1" 404 165 "http://localhost:8000/css/index-f8bfac864e.css" "Mozilla/5.0 (X11; Linux x86_64) AppleWebKit/537.36 (KHTML, like Gecko) Chrome/79.0.3945.79 Safari/537.36"
::1 - - [11/Jan/2020:13:03:52 +0000] "GET /user/signin HTTP/1.1" 304 - "-" "Mozilla/5.0 (X11; Linux x86_64) AppleWebKit/537.36 (KHTML, like Gecko) Chrome/79.0.3945.79 Safari/537.36"
::1 - - [11/Jan/2020:13:03:53 +0000] "GET /webfonts/fa-solid-900.woff2 HTTP/1.1" 404 166 "http://localhost:8000/css/index-f8bfac864e.css" "Mozilla/5.0 (X11; Linux x86_64) AppleWebKit/537.36 (KHTML, like Gecko) Chrome/79.0.3945.79 Safari/537.36"
::1 - - [11/Jan/2020:13:04:01 +0000] "GET /webfonts/fa-brands-400.woff2 HTTP/1.1" 404 167 "http://localhost:8000/css/index-f8bfac864e.css" "Mozilla/5.0 (X11; Linux x86_64) AppleWebKit/537.36 (KHTML, like Gecko) Chrome/79.0.3945.79 Safari/537.36"
::1 - - [11/Jan/2020:13:04:08 +0000] "GET /webfonts/fa-solid-900.woff HTTP/1.1" 404 165 "http://localhost:8000/css/index-f8bfac864e.css" "Mozilla/5.0 (X11; Linux x86_64) AppleWebKit/537.36 (KHTML, like Gecko) Chrome/79.0.3945.79 Safari/537.36"
::1 - - [11/Jan/2020:13:04:13 +0000] "GET /webfonts/fa-brands-400.woff HTTP/1.1" 404 166 "http://localhost:8000/css/index-f8bfac864e.css" "Mozilla/5.0 (X11; Linux x86_64) AppleWebKit/537.36 (KHTML, like Gecko) Chrome/79.0.3945.79 Safari/537.36"
::1 - - [11/Jan/2020:13:04:13 +0000] "GET /webfonts/fa-solid-900.ttf HTTP/1.1" 404 164 "http://localhost:8000/css/index-f8bfac864e.css" "Mozilla/5.0 (X11; Linux x86_64) AppleWebKit/537.36 (KHTML, like Gecko) Chrome/79.0.3945.79 Safari/537.36"
::1 - - [11/Jan/2020:13:04:14 +0000] "GET /webfonts/fa-brands-400.ttf HTTP/1.1" 404 165 "http://localhost:8000/css/index-f8bfac864e.css" "Mozilla/5.0 (X11; Linux x86_64) AppleWebKit/537.36 (KHTML, like Gecko) Chrome/79.0.3945.79 Safari/537.36"
::1 - - [11/Jan/2020:13:09:20 +0000] "GET /user/signin HTTP/1.1" 304 - "http://localhost:8000/user/signin" "Mozilla/5.0 (X11; Linux x86_64) AppleWebKit/537.36 (KHTML, like Gecko) Chrome/79.0.3945.79 Safari/537.36"
::1 - - [11/Jan/2020:13:09:21 +0000] "GET /webfonts/fa-brands-400.woff2 HTTP/1.1" 404 167 "http://localhost:8000/css/index-f8bfac864e.css" "Mozilla/5.0 (X11; Linux x86_64) AppleWebKit/537.36 (KHTML, like Gecko) Chrome/79.0.3945.79 Safari/537.36"
::1 - - [11/Jan/2020:13:09:21 +0000] "GET /webfonts/fa-solid-900.woff2 HTTP/1.1" 404 166 "http://localhost:8000/css/index-f8bfac864e.css" "Mozilla/5.0 (X11; Linux x86_64) AppleWebKit/537.36 (KHTML, like Gecko) Chrome/79.0.3945.79 Safari/537.36"
::1 - - [11/Jan/2020:13:09:22 +0000] "GET /webfonts/fa-solid-900.woff HTTP/1.1" 404 165 "http://localhost:8000/css/index-f8bfac864e.css" "Mozilla/5.0 (X11; Linux x86_64) AppleWebKit/537.36 (KHTML, like Gecko) Chrome/79.0.3945.79 Safari/537.36"
::1 - - [11/Jan/2020:13:09:23 +0000] "GET /webfonts/fa-brands-400.woff HTTP/1.1" 404 166 "http://localhost:8000/css/index-f8bfac864e.css" "Mozilla/5.0 (X11; Linux x86_64) AppleWebKit/537.36 (KHTML, like Gecko) Chrome/79.0.3945.79 Safari/537.36"
::1 - - [11/Jan/2020:13:09:27 +0000] "GET /webfonts/fa-solid-900.ttf HTTP/1.1" 404 164 "http://localhost:8000/css/index-f8bfac864e.css" "Mozilla/5.0 (X11; Linux x86_64) AppleWebKit/537.36 (KHTML, like Gecko) Chrome/79.0.3945.79 Safari/537.36"
::1 - - [11/Jan/2020:13:09:27 +0000] "GET /webfonts/fa-brands-400.ttf HTTP/1.1" 404 165 "http://localhost:8000/css/index-f8bfac864e.css" "Mozilla/5.0 (X11; Linux x86_64) AppleWebKit/537.36 (KHTML, like Gecko) Chrome/79.0.3945.79 Safari/537.36"
::1 - - [11/Jan/2020:13:09:38 +0000] "POST /user/create-session HTTP/1.1" 302 46 "http://localhost:8000/user/signin" "Mozilla/5.0 (X11; Linux x86_64) AppleWebKit/537.36 (KHTML, like Gecko) Chrome/79.0.3945.79 Safari/537.36"
::1 - - [11/Jan/2020:13:09:43 +0000] "GET /webfonts/fa-solid-900.woff2 HTTP/1.1" 404 166 "http://localhost:8000/css/index-f8bfac864e.css" "Mozilla/5.0 (X11; Linux x86_64) AppleWebKit/537.36 (KHTML, like Gecko) Chrome/79.0.3945.79 Safari/537.36"
::1 - - [11/Jan/2020:13:09:43 +0000] "GET / HTTP/1.1" 200 24281 "http://localhost:8000/user/signin" "Mozilla/5.0 (X11; Linux x86_64) AppleWebKit/537.36 (KHTML, like Gecko) Chrome/79.0.3945.79 Safari/537.36"
::1 - - [11/Jan/2020:13:09:48 +0000] "GET /webfonts/fa-solid-900.woff HTTP/1.1" 404 165 "http://localhost:8000/css/index-f8bfac864e.css" "Mozilla/5.0 (X11; Linux x86_64) AppleWebKit/537.36 (KHTML, like Gecko) Chrome/79.0.3945.79 Safari/537.36"
::1 - - [11/Jan/2020:13:09:49 +0000] "GET /webfonts/fa-solid-900.ttf HTTP/1.1" 404 164 "http://localhost:8000/css/index-f8bfac864e.css" "Mozilla/5.0 (X11; Linux x86_64) AppleWebKit/537.36 (KHTML, like Gecko) Chrome/79.0.3945.79 Safari/537.36"
